<?xml version="1.0" encoding="UTF-8"?>
<testsuite xmlns:xsi="http://www.w3.org/2001/XMLSchema-instance" xsi:noNamespaceSchemaLocation="https://maven.apache.org/surefire/maven-surefire-plugin/xsd/surefire-test-report.xsd" name="com.mediscreen.note.NoteRestControllerTest" time="4.831" tests="5" errors="0" skipped="0" failures="0">
  <properties>
[...]
</properties>
  <testcase name="updateNoteTest" classname="com.mediscreen.note.NoteRestControllerTest" time="0.257"/>
  <testcase name="createNoteTest" classname="com.mediscreen.note.NoteRestControllerTest" time="0.014"/>
  <testcase name="getAllNotesByUserIdTest" classname="com.mediscreen.note.NoteRestControllerTest" time="0.016"/>
  <testcase name="getNoteByIdTest" classname="com.mediscreen.note.NoteRestControllerTest" time="0.013"/>
  <testcase name="deleteNoteTest" classname="com.mediscreen.note.NoteRestControllerTest" time="0.006"/>
</testsuite>